<?xml version="1.0" encoding="UTF-8"?>
<!-- Generated by org.testng.reporters.JUnitXMLReporter -->
<testsuite ignored="1" hostname="DESKTOP-OJHBI4D" failures="1" tests="4" name="Test" time="0.113" errors="0" timestamp="2023-10-18T16:31:39 IST">
  <testcase classname="testng.Groups" name="print1" time="0.0">
    <failure type="org.testng.TestNGException" message="
Parameter &amp;apos;URL&amp;apos; is required by @Test on method print1 but has not been marked @Optional or defined
in F:\Sofi Learning\Selenium\SeleniumPrograms\ReviseSelenium\parallel.xml">
      <![CDATA[org.testng.TestNGException: 
Parameter 'URL' is required by @Test on method print1 but has not been marked @Optional or defined
in F:\Sofi Learning\Selenium\SeleniumPrograms\ReviseSelenium\parallel.xml
at java.base/java.util.concurrent.ThreadPoolExecutor.runWorker(ThreadPoolExecutor.java:1144)
at java.base/java.util.concurrent.ThreadPoolExecutor$Worker.run(ThreadPoolExecutor.java:642)
at java.base/java.lang.Thread.run(Thread.java:1623)
... Removed 11 stack frames]]>
    </failure>
  </testcase> <!-- print1 -->
  <testcase classname="testng.TestNG" name="print" time="0.017"/>
  <testcase classname="testng.TestNG" name="outPut" time="0.018"/>
  <testcase classname="testng.Groups" name="print2" time="0.0">
    <skipped/>
  </testcase> <!-- print2 -->
  <testcase classname="testng.Groups" name="print3" time="0.0">
    <ignored/>
  </testcase> <!-- print3 -->
</testsuite> <!-- Test -->
