<?xml version="1.0" encoding="UTF-8"?>
<!-- Generated by org.testng.reporters.JUnitReportReporter -->
<testsuite hostname="DESKTOP-OJHBI4D" failures="0" tests="3" name="testng.Groups" time="0.000" errors="1" timestamp="2023-10-18T16:31:39 IST" skipped="2">
  <testcase classname="testng.Groups" name="print2" time="0.000">
    <skipped/>
  </testcase> <!-- print2 -->
  <testcase classname="testng.Groups" name="print1" time="0.000">
    <error message="
Parameter &#039;URL&#039; is required by @Test on method print1 but has not been marked @Optional or defined
in F:\Sofi Learning\Selenium\SeleniumPrograms\ReviseSelenium\parallel.xml" type="org.testng.TestNGException">
      <![CDATA[org.testng.TestNGException: 
Parameter 'URL' is required by @Test on method print1 but has not been marked @Optional or defined
in F:\Sofi Learning\Selenium\SeleniumPrograms\ReviseSelenium\parallel.xml
at org.testng.internal.Parameters.createParams(Parameters.java:267)
at org.testng.internal.Parameters.createParametersForMethod(Parameters.java:355)
at org.testng.internal.Parameters.createParameters(Parameters.java:684)
at org.testng.internal.Parameters.handleParameters(Parameters.java:879)
at org.testng.internal.Parameters.handleParameters(Parameters.java:728)
at org.testng.internal.invokers.ParameterHandler.handleParameters(ParameterHandler.java:72)
at org.testng.internal.invokers.ParameterHandler.createParameters(ParameterHandler.java:51)
at org.testng.internal.invokers.TestInvoker$MethodInvocationAgent.invoke(TestInvoker.java:911)
at org.testng.internal.invokers.TestInvoker.invokeTestMethods(TestInvoker.java:200)
at org.testng.internal.invokers.TestMethodWorker.invokeTestMethods(TestMethodWorker.java:148)
at org.testng.internal.invokers.TestMethodWorker.run(TestMethodWorker.java:128)
at java.base/java.util.concurrent.ThreadPoolExecutor.runWorker(ThreadPoolExecutor.java:1144)
at java.base/java.util.concurrent.ThreadPoolExecutor$Worker.run(ThreadPoolExecutor.java:642)
at java.base/java.lang.Thread.run(Thread.java:1623)
]]>
    </error>
  </testcase> <!-- print1 -->
  <testcase classname="testng.Groups" name="print3">
    <skipped/>
  </testcase> <!-- print3 -->
</testsuite> <!-- testng.Groups -->
